<?xml version="1.0" encoding="UTF-8"?>
<testng-results ignored="0" total="5" passed="5" failed="0" skipped="0">
  <reporter-output>
  </reporter-output>
  <suite started-at="2023-08-09T17:17:13 ICT" name="Default suite" finished-at="2023-08-09T17:17:15 ICT" duration-ms="1534">
    <groups>
    </groups>
    <test started-at="2023-08-09T17:17:13 ICT" name="Default test" finished-at="2023-08-09T17:17:15 ICT" duration-ms="1534">
      <class name="com.poly.testlogin.logintest">
        <test-method signature="testdangnhapthanhcong(java.lang.String,java.lang.String)[pri:0, instance:com.poly.testlogin.logintest@36ebc363]" started-at="2023-08-09T17:17:13 ICT" name="testdangnhapthanhcong" data-provider="validMaNV" finished-at="2023-08-09T17:17:14 ICT" duration-ms="1136" status="PASS">
          <params>
            <param index="0">
              <value>
                <![CDATA[NV001]]>
              </value>
            </param>
            <param index="1">
              <value>
                <![CDATA[newpassword123]]>
              </value>
            </param>
          </params>
          <reporter-output>
          </reporter-output>
        </test-method> <!-- testdangnhapthanhcong -->
        <test-method signature="testdangnhapsaimanv(java.lang.String)[pri:1, instance:com.poly.testlogin.logintest@36ebc363]" started-at="2023-08-09T17:17:14 ICT" name="testdangnhapsaimanv" data-provider="invalidMaNV" finished-at="2023-08-09T17:17:15 ICT" duration-ms="38" status="PASS">
          <params>
            <param index="0">
              <value>
                <![CDATA[InvalidID]]>
              </value>
            </param>
          </params>
          <reporter-output>
          </reporter-output>
        </test-method> <!-- testdangnhapsaimanv -->
        <test-method signature="testThemNhanVienThanhCong()[pri:2, instance:com.poly.testlogin.logintest@36ebc363]" started-at="2023-08-09T17:17:15 ICT" name="testThemNhanVienThanhCong" finished-at="2023-08-09T17:17:15 ICT" duration-ms="103" status="PASS">
          <reporter-output>
          </reporter-output>
        </test-method> <!-- testThemNhanVienThanhCong -->
        <test-method signature="testDoiMatKhauDungManv(java.lang.String,java.lang.String)[pri:3, instance:com.poly.testlogin.logintest@36ebc363]" started-at="2023-08-09T17:17:15 ICT" name="testDoiMatKhauDungManv" data-provider="DoiMatKhauDung" finished-at="2023-08-09T17:17:15 ICT" duration-ms="89" status="PASS">
          <params>
            <param index="0">
              <value>
                <![CDATA[NV001]]>
              </value>
            </param>
            <param index="1">
              <value>
                <![CDATA[newPassword123]]>
              </value>
            </param>
          </params>
          <reporter-output>
          </reporter-output>
        </test-method> <!-- testDoiMatKhauDungManv -->
        <test-method signature="testDoiMatKhauSaiManv(java.lang.String)[pri:4, instance:com.poly.testlogin.logintest@36ebc363]" started-at="2023-08-09T17:17:15 ICT" name="testDoiMatKhauSaiManv" data-provider="invalidMaNV" finished-at="2023-08-09T17:17:15 ICT" duration-ms="59" status="PASS">
          <params>
            <param index="0">
              <value>
                <![CDATA[InvalidID]]>
              </value>
            </param>
          </params>
          <reporter-output>
          </reporter-output>
        </test-method> <!-- testDoiMatKhauSaiManv -->
      </class> <!-- com.poly.testlogin.logintest -->
    </test> <!-- Default test -->
  </suite> <!-- Default suite -->
</testng-results>
