<?xml version="1.0" encoding="UTF-8"?>
<testng-results ignored="0" total="4" passed="4" failed="0" skipped="0">
  <reporter-output>
  </reporter-output>
  <suite started-at="2023-08-07T16:55:09 ICT" name="Default suite" finished-at="2023-08-07T16:55:13 ICT" duration-ms="3635">
    <groups>
    </groups>
    <test started-at="2023-08-07T16:55:09 ICT" name="Default test" finished-at="2023-08-07T16:55:13 ICT" duration-ms="3635">
      <class name="com.poly.testThongKe">
        <test-method signature="TestThangDung()[pri:0, instance:com.poly.testThongKe@6e9175d8]" started-at="2023-08-07T16:55:09 ICT" name="TestThangDung" finished-at="2023-08-07T16:55:10 ICT" duration-ms="509" status="PASS">
          <reporter-output>
          </reporter-output>
        </test-method> <!-- TestThangDung -->
        <test-method signature="TestThangBeHon1()[pri:1, instance:com.poly.testThongKe@6e9175d8]" started-at="2023-08-07T16:55:10 ICT" name="TestThangBeHon1" finished-at="2023-08-07T16:55:11 ICT" duration-ms="1547" status="PASS">
          <reporter-output>
          </reporter-output>
        </test-method> <!-- TestThangBeHon1 -->
        <test-method signature="TestThangLonHon12()[pri:2, instance:com.poly.testThongKe@6e9175d8]" started-at="2023-08-07T16:55:11 ICT" name="TestThangLonHon12" finished-at="2023-08-07T16:55:12 ICT" duration-ms="776" status="PASS">
          <reporter-output>
          </reporter-output>
        </test-method> <!-- TestThangLonHon12 -->
        <test-method signature="TestThangKhongPhaiSo()[pri:3, instance:com.poly.testThongKe@6e9175d8]" started-at="2023-08-07T16:55:12 ICT" name="TestThangKhongPhaiSo" finished-at="2023-08-07T16:55:13 ICT" duration-ms="759" status="PASS">
          <reporter-output>
          </reporter-output>
        </test-method> <!-- TestThangKhongPhaiSo -->
      </class> <!-- com.poly.testThongKe -->
    </test> <!-- Default test -->
  </suite> <!-- Default suite -->
</testng-results>
